0 info it worked if it ends with ok
1 verbose cli [ 'D:\\Program Files\\node.exe',
1 verbose cli   'D:\\Program Files\\node_modules\\npm\\bin\\npm-cli.js',
1 verbose cli   'start' ]
2 info using npm@6.4.1
3 info using node@v10.15.3
4 verbose run-script [ 'prestart', 'start', 'poststart' ]
5 info lifecycle project-training01@1.0.0~prestart: project-training01@1.0.0
6 info lifecycle project-training01@1.0.0~start: project-training01@1.0.0
7 verbose lifecycle project-training01@1.0.0~start: unsafe-perm in lifecycle true
8 verbose lifecycle project-training01@1.0.0~start: PATH: D:\Program Files\node_modules\npm\node_modules\npm-lifecycle\node-gyp-bin;D:\VUEjsTEXT\source\project-training01\node_modules\.bin;C:\Windows\system32;C:\Windows;C:\Windows\System32\Wbem;C:\Windows\System32\WindowsPowerShell\v1.0\;C:\Windows\System32\OpenSSH\;D:\Program Files\;C:\Users\Administrator\AppData\Local\Microsoft\WindowsApps;D:\Program Files\nodejs\node_global;E:\Microsoft VS Code\bin;C:\Users\Administrator\AppData\Roaming\npm
9 verbose lifecycle project-training01@1.0.0~start: CWD: D:\VUEjsTEXT\source\project-training01
10 silly lifecycle project-training01@1.0.0~start: Args: [ '/d /s /c', 'npm run dev' ]
11 silly lifecycle project-training01@1.0.0~start: Returned: code: 1  signal: null
12 info lifecycle project-training01@1.0.0~start: Failed to exec start script
13 verbose stack Error: project-training01@1.0.0 start: `npm run dev`
13 verbose stack Exit status 1
13 verbose stack     at EventEmitter.<anonymous> (D:\Program Files\node_modules\npm\node_modules\npm-lifecycle\index.js:301:16)
13 verbose stack     at EventEmitter.emit (events.js:189:13)
13 verbose stack     at ChildProcess.<anonymous> (D:\Program Files\node_modules\npm\node_modules\npm-lifecycle\lib\spawn.js:55:14)
13 verbose stack     at ChildProcess.emit (events.js:189:13)
13 verbose stack     at maybeClose (internal/child_process.js:970:16)
13 verbose stack     at Process.ChildProcess._handle.onexit (internal/child_process.js:259:5)
14 verbose pkgid project-training01@1.0.0
15 verbose cwd D:\VUEjsTEXT\source\project-training01
16 verbose Windows_NT 10.0.17134
17 verbose argv "D:\\Program Files\\node.exe" "D:\\Program Files\\node_modules\\npm\\bin\\npm-cli.js" "start"
18 verbose node v10.15.3
19 verbose npm  v6.4.1
20 error code ELIFECYCLE
21 error errno 1
22 error project-training01@1.0.0 start: `npm run dev`
22 error Exit status 1
23 error Failed at the project-training01@1.0.0 start script.
23 error This is probably not a problem with npm. There is likely additional logging output above.
24 verbose exit [ 1, true ]
